# JRE version: Java(TM) SE Runtime Environment (8.0_66-b17) (build 1.8.0_66-b17)
# Java VM: Java HotSpot(TM) 64-Bit Server VM (25.66-b17 mixed mode bsd-amd64 compressed oops)
Heap:
 PSYoungGen      total 310784K, used 35270K [0x000000076ab00000, 0x000000077f680000, 0x00000007c0000000)
  eden space 290816K, 8% used [0x000000076ab00000,0x000000076c1e0cc8,0x000000077c700000)
  from space 19968K, 59% used [0x000000077da00000,0x000000077e590e68,0x000000077ed80000)
  to   space 19456K, 0% used [0x000000077c700000,0x000000077c700000,0x000000077da00000)
 ParOldGen       total 159744K, used 32993K [0x00000006c0000000, 0x00000006c9c00000, 0x000000076ab00000)
  object space 159744K, 20% used [0x00000006c0000000,0x00000006c2038698,0x00000006c9c00000)
 Metaspace       used 49758K, capacity 51904K, committed 52400K, reserved 1095680K
  class space    used 6368K, capacity 6750K, committed 6832K, reserved 1048576K
GC Heap History (10 events):
Event: 2.093 GC heap before
{Heap before GC invocations=6 (full 1):
 PSYoungGen      total 100864K, used 98721K [0x000000076ab00000, 0x0000000773380000, 0x00000007c0000000)
  eden space 90112K, 99% used [0x000000076ab00000,0x00000007702e8a60,0x0000000770300000)
  from space 10752K, 80% used [0x0000000770d80000,0x00000007715ffb50,0x0000000771800000)
  to   space 10752K, 0% used [0x0000000770300000,0x0000000770300000,0x0000000770d80000)
 ParOldGen       total 112128K, used 8819K [0x00000006c0000000, 0x00000006c6d80000, 0x000000076ab00000)
  object space 112128K, 7% used [0x00000006c0000000,0x00000006c089cfe8,0x00000006c6d80000)
 Metaspace       used 26470K, capacity 27354K, committed 27568K, reserved 1073152K
  class space    used 3713K, capacity 3916K, committed 4016K, reserved 1048576K
Event: 2.098 GC heap after
Heap after GC invocations=6 (full 1):
 PSYoungGen      total 100864K, used 8760K [0x000000076ab00000, 0x0000000776380000, 0x00000007c0000000)
  eden space 90112K, 0% used [0x000000076ab00000,0x000000076ab00000,0x0000000770300000)
  from space 10752K, 81% used [0x0000000770300000,0x0000000770b8e188,0x0000000770d80000)
  to   space 10752K, 0% used [0x0000000775900000,0x0000000775900000,0x0000000776380000)
 ParOldGen       total 112128K, used 8827K [0x00000006c0000000, 0x00000006c6d80000, 0x000000076ab00000)
  object space 112128K, 7% used [0x00000006c0000000,0x00000006c089efe8,0x00000006c6d80000)
 Metaspace       used 26470K, capacity 27354K, committed 27568K, reserved 1073152K
  class space    used 3713K, capacity 3916K, committed 4016K, reserved 1048576K
}
Event: 12.225 GC heap before
{Heap before GC invocations=7 (full 1):
 PSYoungGen      total 100864K, used 98872K [0x000000076ab00000, 0x0000000776380000, 0x00000007c0000000)
  eden space 90112K, 100% used [0x000000076ab00000,0x0000000770300000,0x0000000770300000)
  from space 10752K, 81% used [0x0000000770300000,0x0000000770b8e188,0x0000000770d80000)
  to   space 10752K, 0% used [0x0000000775900000,0x0000000775900000,0x0000000776380000)
 ParOldGen       total 112128K, used 8827K [0x00000006c0000000, 0x00000006c6d80000, 0x000000076ab00000)
  object space 112128K, 7% used [0x00000006c0000000,0x00000006c089efe8,0x00000006c6d80000)
 Metaspace       used 27289K, capacity 28326K, committed 28336K, reserved 1073152K
  class space    used 3763K, capacity 4010K, committed 4016K, reserved 1048576K
Event: 12.232 GC heap after
Heap after GC invocations=7 (full 1):
 PSYoungGen      total 174080K, used 9935K [0x000000076ab00000, 0x0000000776300000, 0x00000007c0000000)
  eden space 163840K, 0% used [0x000000076ab00000,0x000000076ab00000,0x0000000774b00000)
  from space 10240K, 97% used [0x0000000775900000,0x00000007762b3ff8,0x0000000776300000)
  to   space 11264K, 0% used [0x0000000774d00000,0x0000000774d00000,0x0000000775800000)
 ParOldGen       total 112128K, used 8835K [0x00000006c0000000, 0x00000006c6d80000, 0x000000076ab00000)
  object space 112128K, 7% used [0x00000006c0000000,0x00000006c08a0fe8,0x00000006c6d80000)
 Metaspace       used 27289K, capacity 28326K, committed 28336K, reserved 1073152K
  class space    used 3763K, capacity 4010K, committed 4016K, reserved 1048576K
}
Event: 29.101 GC heap before
{Heap before GC invocations=8 (full 1):
 PSYoungGen      total 174080K, used 114664K [0x000000076ab00000, 0x0000000776300000, 0x00000007c0000000)
  eden space 163840K, 63% used [0x000000076ab00000,0x00000007711462b8,0x0000000774b00000)
  from space 10240K, 97% used [0x0000000775900000,0x00000007762b3ff8,0x0000000776300000)
  to   space 11264K, 0% used [0x0000000774d00000,0x0000000774d00000,0x0000000775800000)
 ParOldGen       total 112128K, used 8835K [0x00000006c0000000, 0x00000006c6d80000, 0x000000076ab00000)
  object space 112128K, 7% used [0x00000006c0000000,0x00000006c08a0fe8,0x00000006c6d80000)
 Metaspace       used 33416K, capacity 35414K, committed 35496K, reserved 1079296K
  class space    used 4531K, capacity 4880K, committed 4912K, reserved 1048576K
Event: 29.115 GC heap after
Heap after GC invocations=8 (full 1):
 PSYoungGen      total 177152K, used 11233K [0x000000076ab00000, 0x000000077ed80000, 0x00000007c0000000)
  eden space 165888K, 0% used [0x000000076ab00000,0x000000076ab00000,0x0000000774d00000)
  from space 11264K, 99% used [0x0000000774d00000,0x00000007757f8410,0x0000000775800000)
  to   space 19968K, 0% used [0x000000077da00000,0x000000077da00000,0x000000077ed80000)
 ParOldGen       total 112128K, used 23943K [0x00000006c0000000, 0x00000006c6d80000, 0x000000076ab00000)
  object space 112128K, 21% used [0x00000006c0000000,0x00000006c1761ea0,0x00000006c6d80000)
 Metaspace       used 33416K, capacity 35414K, committed 35496K, reserved 1079296K
  class space    used 4531K, capacity 4880K, committed 4912K, reserved 1048576K
}
Event: 29.115 GC heap before
{Heap before GC invocations=9 (full 2):
 PSYoungGen      total 177152K, used 11233K [0x000000076ab00000, 0x000000077ed80000, 0x00000007c0000000)
  eden space 165888K, 0% used [0x000000076ab00000,0x000000076ab00000,0x0000000774d00000)
  from space 11264K, 99% used [0x0000000774d00000,0x00000007757f8410,0x0000000775800000)
  to   space 19968K, 0% used [0x000000077da00000,0x000000077da00000,0x000000077ed80000)
 ParOldGen       total 112128K, used 23943K [0x00000006c0000000, 0x00000006c6d80000, 0x000000076ab00000)
  object space 112128K, 21% used [0x00000006c0000000,0x00000006c1761ea0,0x00000006c6d80000)
 Metaspace       used 33416K, capacity 35414K, committed 35496K, reserved 1079296K
  class space    used 4531K, capacity 4880K, committed 4912K, reserved 1048576K
Event: 29.209 GC heap after
Heap after GC invocations=9 (full 2):
 PSYoungGen      total 177152K, used 0K [0x000000076ab00000, 0x000000077ed80000, 0x00000007c0000000)
  eden space 165888K, 0% used [0x000000076ab00000,0x000000076ab00000,0x0000000774d00000)
  from space 11264K, 0% used [0x0000000774d00000,0x0000000774d00000,0x0000000775800000)
  to   space 19968K, 0% used [0x000000077da00000,0x000000077da00000,0x000000077ed80000)
 ParOldGen       total 159744K, used 32977K [0x00000006c0000000, 0x00000006c9c00000, 0x000000076ab00000)
  object space 159744K, 20% used [0x00000006c0000000,0x00000006c2034698,0x00000006c9c00000)
 Metaspace       used 33416K, capacity 35414K, committed 35496K, reserved 1079296K
  class space    used 4531K, capacity 4880K, committed 4912K, reserved 1048576K
}
Event: 450.473 GC heap before
{Heap before GC invocations=10 (full 2):
 PSYoungGen      total 177152K, used 165888K [0x000000076ab00000, 0x000000077ed80000, 0x00000007c0000000)
  eden space 165888K, 100% used [0x000000076ab00000,0x0000000774d00000,0x0000000774d00000)
  from space 11264K, 0% used [0x0000000774d00000,0x0000000774d00000,0x0000000775800000)
  to   space 19968K, 0% used [0x000000077da00000,0x000000077da00000,0x000000077ed80000)
 ParOldGen       total 159744K, used 32977K [0x00000006c0000000, 0x00000006c9c00000, 0x000000076ab00000)
  object space 159744K, 20% used [0x00000006c0000000,0x00000006c2034698,0x00000006c9c00000)
 Metaspace       used 49713K, capacity 51840K, committed 52400K, reserved 1095680K
  class space    used 6366K, capacity 6750K, committed 6832K, reserved 1048576K
Event: 450.484 GC heap after
Heap after GC invocations=10 (full 2):
 PSYoungGen      total 310784K, used 11843K [0x000000076ab00000, 0x000000077f680000, 0x00000007c0000000)
  eden space 290816K, 0% used [0x000000076ab00000,0x000000076ab00000,0x000000077c700000)
  from space 19968K, 59% used [0x000000077da00000,0x000000077e590e68,0x000000077ed80000)
  to   space 19456K, 0% used [0x000000077c700000,0x000000077c700000,0x000000077da00000)
 ParOldGen       total 159744K, used 32993K [0x00000006c0000000, 0x00000006c9c00000, 0x000000076ab00000)
  object space 159744K, 20% used [0x00000006c0000000,0x00000006c2038698,0x00000006c9c00000)
 Metaspace       used 49713K, capacity 51840K, committed 52400K, reserved 1095680K
  class space    used 6366K, capacity 6750K, committed 6832K, reserved 1048576K
}

