# JRE version: Java(TM) SE Runtime Environment (8.0_66-b17) (build 1.8.0_66-b17)
# Java VM: Java HotSpot(TM) 64-Bit Server VM (25.66-b17 mixed mode bsd-amd64 compressed oops)
Heap:
 PSYoungGen      total 76288K, used 31910K [0x000000076ab00000, 0x0000000770000000, 0x00000007c0000000)
  eden space 65536K, 48% used [0x000000076ab00000,0x000000076ca29b78,0x000000076eb00000)
  from space 10752K, 0% used [0x000000076f580000,0x000000076f580000,0x0000000770000000)
  to   space 10752K, 0% used [0x000000076eb00000,0x000000076eb00000,0x000000076f580000)
 ParOldGen       total 114176K, used 9154K [0x00000006c0000000, 0x00000006c6f80000, 0x000000076ab00000)
  object space 114176K, 8% used [0x00000006c0000000,0x00000006c08f0980,0x00000006c6f80000)
 Metaspace       used 29817K, capacity 30143K, committed 30256K, reserved 1075200K
  class space    used 3546K, capacity 3619K, committed 3632K, reserved 1048576K
GC Heap History (6 events):
Event: 1.045 GC heap before
{Heap before GC invocations=1 (full 0):
 PSYoungGen      total 76288K, used 65536K [0x000000076ab00000, 0x0000000770000000, 0x00000007c0000000)
  eden space 65536K, 100% used [0x000000076ab00000,0x000000076eb00000,0x000000076eb00000)
  from space 10752K, 0% used [0x000000076f580000,0x000000076f580000,0x0000000770000000)
  to   space 10752K, 0% used [0x000000076eb00000,0x000000076eb00000,0x000000076f580000)
 ParOldGen       total 175104K, used 0K [0x00000006c0000000, 0x00000006cab00000, 0x000000076ab00000)
  object space 175104K, 0% used [0x00000006c0000000,0x00000006c0000000,0x00000006cab00000)
 Metaspace       used 13743K, capacity 13965K, committed 14336K, reserved 1062912K
  class space    used 1369K, capacity 1423K, committed 1536K, reserved 1048576K
Event: 1.055 GC heap after
Heap after GC invocations=1 (full 0):
 PSYoungGen      total 76288K, used 10739K [0x000000076ab00000, 0x0000000770000000, 0x00000007c0000000)
  eden space 65536K, 0% used [0x000000076ab00000,0x000000076ab00000,0x000000076eb00000)
  from space 10752K, 99% used [0x000000076eb00000,0x000000076f57cfd0,0x000000076f580000)
  to   space 10752K, 0% used [0x000000076f580000,0x000000076f580000,0x0000000770000000)
 ParOldGen       total 175104K, used 3560K [0x00000006c0000000, 0x00000006cab00000, 0x000000076ab00000)
  object space 175104K, 2% used [0x00000006c0000000,0x00000006c037a338,0x00000006cab00000)
 Metaspace       used 13743K, capacity 13965K, committed 14336K, reserved 1062912K
  class space    used 1369K, capacity 1423K, committed 1536K, reserved 1048576K
}
Event: 3.397 GC heap before
{Heap before GC invocations=2 (full 0):
 PSYoungGen      total 76288K, used 39191K [0x000000076ab00000, 0x0000000770000000, 0x00000007c0000000)
  eden space 65536K, 43% used [0x000000076ab00000,0x000000076c6c8e18,0x000000076eb00000)
  from space 10752K, 99% used [0x000000076eb00000,0x000000076f57cfd0,0x000000076f580000)
  to   space 10752K, 0% used [0x000000076f580000,0x000000076f580000,0x0000000770000000)
 ParOldGen       total 175104K, used 3560K [0x00000006c0000000, 0x00000006cab00000, 0x000000076ab00000)
  object space 175104K, 2% used [0x00000006c0000000,0x00000006c037a338,0x00000006cab00000)
 Metaspace       used 20920K, capacity 21169K, committed 21296K, reserved 1069056K
  class space    used 2214K, capacity 2306K, committed 2352K, reserved 1048576K
Event: 3.403 GC heap after
Heap after GC invocations=2 (full 0):
 PSYoungGen      total 76288K, used 8877K [0x000000076ab00000, 0x0000000770000000, 0x00000007c0000000)
  eden space 65536K, 0% used [0x000000076ab00000,0x000000076ab00000,0x000000076eb00000)
  from space 10752K, 82% used [0x000000076f580000,0x000000076fe2b700,0x0000000770000000)
  to   space 10752K, 0% used [0x000000076eb00000,0x000000076eb00000,0x000000076f580000)
 ParOldGen       total 175104K, used 3568K [0x00000006c0000000, 0x00000006cab00000, 0x000000076ab00000)
  object space 175104K, 2% used [0x00000006c0000000,0x00000006c037c338,0x00000006cab00000)
 Metaspace       used 20920K, capacity 21169K, committed 21296K, reserved 1069056K
  class space    used 2214K, capacity 2306K, committed 2352K, reserved 1048576K
}
Event: 3.403 GC heap before
{Heap before GC invocations=3 (full 1):
 PSYoungGen      total 76288K, used 8877K [0x000000076ab00000, 0x0000000770000000, 0x00000007c0000000)
  eden space 65536K, 0% used [0x000000076ab00000,0x000000076ab00000,0x000000076eb00000)
  from space 10752K, 82% used [0x000000076f580000,0x000000076fe2b700,0x0000000770000000)
  to   space 10752K, 0% used [0x000000076eb00000,0x000000076eb00000,0x000000076f580000)
 ParOldGen       total 175104K, used 3568K [0x00000006c0000000, 0x00000006cab00000, 0x000000076ab00000)
  object space 175104K, 2% used [0x00000006c0000000,0x00000006c037c338,0x00000006cab00000)
 Metaspace       used 20920K, capacity 21169K, committed 21296K, reserved 1069056K
  class space    used 2214K, capacity 2306K, committed 2352K, reserved 1048576K
Event: 3.425 GC heap after
Heap after GC invocations=3 (full 1):
 PSYoungGen      total 76288K, used 0K [0x000000076ab00000, 0x0000000770000000, 0x00000007c0000000)
  eden space 65536K, 0% used [0x000000076ab00000,0x000000076ab00000,0x000000076eb00000)
  from space 10752K, 0% used [0x000000076f580000,0x000000076f580000,0x0000000770000000)
  to   space 10752K, 0% used [0x000000076eb00000,0x000000076eb00000,0x000000076f580000)
 ParOldGen       total 114176K, used 9154K [0x00000006c0000000, 0x00000006c6f80000, 0x000000076ab00000)
  object space 114176K, 8% used [0x00000006c0000000,0x00000006c08f0980,0x00000006c6f80000)
 Metaspace       used 20920K, capacity 21169K, committed 21296K, reserved 1069056K
  class space    used 2214K, capacity 2306K, committed 2352K, reserved 1048576K
}

